DeviceAddModule/build/outputs/logs/manifest-merger-debug-report.txt
-- Merging decision tree log ---
manifest
ADDED from src\main\AndroidManifest.xml:2:1-107:12
INJECTED from src\main\AndroidManifest.xml:2:1-107:12
INJECTED from src\main\AndroidManifest.xml:2:1-107:12
	package
		ADDED from src\main\AndroidManifest.xml:4:5-45
		INJECTED from src\main\AndroidManifest.xml
		INJECTED from src\main\AndroidManifest.xml
	xmlns:tools
		ADDED from src\main\AndroidManifest.xml:3:5-51
	xmlns:android
		ADDED from src\main\AndroidManifest.xml:2:11-69
uses-permission#android.permission.INTERNET
ADDED from src\main\AndroidManifest.xml:6:5-67
	android:name
		ADDED from src\main\AndroidManifest.xml:6:22-64
uses-permission#android.permission.WRITE_EXTERNAL_STORAGE
ADDED from src\main\AndroidManifest.xml:7:5-81
	android:name
		ADDED from src\main\AndroidManifest.xml:7:22-78
uses-permission#android.permission.READ_EXTERNAL_STORAGE
ADDED from src\main\AndroidManifest.xml:8:5-80
	android:name
		ADDED from src\main\AndroidManifest.xml:8:22-77
uses-permission#android.permission.USE_CREDENTIALS
ADDED from src\main\AndroidManifest.xml:9:5-74
	android:name
		ADDED from src\main\AndroidManifest.xml:9:22-71
uses-permission#android.permission.CHANGE_WIFI_MULTICAST_STATE
ADDED from src\main\AndroidManifest.xml:10:5-86
	android:name
		ADDED from src\main\AndroidManifest.xml:10:22-83
uses-permission#android.permission.SYSTEM_ALERT_WINDOW
ADDED from src\main\AndroidManifest.xml:11:5-78
	android:name
		ADDED from src\main\AndroidManifest.xml:11:22-75
uses-permission#android.permission.RECORD_AUDIO
ADDED from src\main\AndroidManifest.xml:12:5-71
	android:name
		ADDED from src\main\AndroidManifest.xml:12:22-68
uses-permission#android.permission.CAMERA
ADDED from src\main\AndroidManifest.xml:13:5-65
	android:name
		ADDED from src\main\AndroidManifest.xml:13:22-62
uses-permission#android.permission.FLASHLIGHT
ADDED from src\main\AndroidManifest.xml:14:5-69
	android:name
		ADDED from src\main\AndroidManifest.xml:14:22-66
uses-permission#android.permission.MODIFY_AUDIO_SETTINGS
ADDED from src\main\AndroidManifest.xml:15:5-80
	android:name
		ADDED from src\main\AndroidManifest.xml:15:22-77
uses-permission#android.permission.ACCESS_WIFI_STATE
ADDED from src\main\AndroidManifest.xml:16:5-76
	android:name
		ADDED from src\main\AndroidManifest.xml:16:22-73
uses-permission#android.permission.CHANGE_WIFI_STATE
ADDED from src\main\AndroidManifest.xml:17:5-76
	android:name
		ADDED from src\main\AndroidManifest.xml:17:22-73
uses-feature#android.hardware.camera
ADDED from src\main\AndroidManifest.xml:18:5-60
	android:name
		ADDED from src\main\AndroidManifest.xml:18:19-57
uses-feature#android.hardware.camera.autofocus
ADDED from src\main\AndroidManifest.xml:19:5-70
	android:name
		ADDED from src\main\AndroidManifest.xml:19:19-67
uses-permission#android.permission.READ_SETTINGS
ADDED from src\main\AndroidManifest.xml:21:5-72
	android:name
		ADDED from src\main\AndroidManifest.xml:21:22-69
uses-permission#android.permission.ACCESS_COARSE_LOCATION
ADDED from src\main\AndroidManifest.xml:23:5-81
	android:name
		ADDED from src\main\AndroidManifest.xml:23:22-78
uses-permission#android.permission.ACCESS_FINE_LOCATION
ADDED from src\main\AndroidManifest.xml:24:5-79
	android:name
		ADDED from src\main\AndroidManifest.xml:24:22-76
uses-permission#android.permission.ACCESS_LOCATION_EXTRA_COMMANDS
ADDED from src\main\AndroidManifest.xml:25:5-89
	android:name
		ADDED from src\main\AndroidManifest.xml:25:22-86
uses-permission#android.permission.CHANGE_NETWORK_STATE
ADDED from src\main\AndroidManifest.xml:26:5-79
	android:name
		ADDED from src\main\AndroidManifest.xml:26:22-76
uses-permission#android.permission.ACCESS_NETWORK_STATE
ADDED from src\main\AndroidManifest.xml:27:5-79
	android:name
		ADDED from src\main\AndroidManifest.xml:27:22-76
uses-permission#android.permission.REQUEST_INSTALL_PACKAGES
ADDED from src\main\AndroidManifest.xml:28:5-83
	android:name
		ADDED from src\main\AndroidManifest.xml:28:22-80
uses-permission#android.permission.VIBRATE
ADDED from src\main\AndroidManifest.xml:29:5-66
	android:name
		ADDED from src\main\AndroidManifest.xml:29:22-63
application
ADDED from src\main\AndroidManifest.xml:30:5-105:19
	android:supportsRtl
		ADDED from src\main\AndroidManifest.xml:32:9-36
	android:label
		ADDED from src\main\AndroidManifest.xml:33:9-41
	android:allowBackup
		ADDED from src\main\AndroidManifest.xml:31:9-36
	tools:replace
		ADDED from src\main\AndroidManifest.xml:34:10-79
service#com.mm.android.deviceaddmodule.services.TimeFilterService
ADDED from src\main\AndroidManifest.xml:35:9-62
	android:name
		ADDED from src\main\AndroidManifest.xml:35:18-60
receiver#com.mm.android.deviceaddmodule.receiver.SucceedClickReceiver
ADDED from src\main\AndroidManifest.xml:36:9-66
	android:name
		ADDED from src\main\AndroidManifest.xml:36:19-64
receiver#com.mm.android.deviceaddmodule.receiver.TimeoutClickReceiver
ADDED from src\main\AndroidManifest.xml:37:9-66
	android:name
		ADDED from src\main\AndroidManifest.xml:37:19-64
activity#com.mm.android.deviceaddmodule.DeviceAddActivity
ADDED from src\main\AndroidManifest.xml:38:9-45:58
	android:screenOrientation
		ADDED from src\main\AndroidManifest.xml:43:13-49
	android:label
		ADDED from src\main\AndroidManifest.xml:42:13-57
	android:windowSoftInputMode
		ADDED from src\main\AndroidManifest.xml:44:13-64
	android:exported
		ADDED from src\main\AndroidManifest.xml:41:13-37
	android:configChanges
		ADDED from src\main\AndroidManifest.xml:40:13-81
	android:theme
		ADDED from src\main\AndroidManifest.xml:45:13-56
	android:name
		ADDED from src\main\AndroidManifest.xml:39:13-46
activity#com.mm.android.deviceaddmodule.device_wifi.DeviceWifiListActivity
ADDED from src\main\AndroidManifest.xml:47:9-53:58
	android:screenOrientation
		ADDED from src\main\AndroidManifest.xml:51:13-49
	android:windowSoftInputMode
		ADDED from src\main\AndroidManifest.xml:52:13-64
	android:exported
		ADDED from src\main\AndroidManifest.xml:50:13-37
	android:configChanges
		ADDED from src\main\AndroidManifest.xml:49:13-81
	android:theme
		ADDED from src\main\AndroidManifest.xml:53:13-56
	android:name
		ADDED from src\main\AndroidManifest.xml:48:13-63
activity#com.mm.android.deviceaddmodule.device_wifi.DeviceWifiPasswordActivity
ADDED from src\main\AndroidManifest.xml:54:9-60:58
	android:screenOrientation
		ADDED from src\main\AndroidManifest.xml:58:13-49
	android:windowSoftInputMode
		ADDED from src\main\AndroidManifest.xml:59:13-64
	android:exported
		ADDED from src\main\AndroidManifest.xml:57:13-37
	android:configChanges
		ADDED from src\main\AndroidManifest.xml:56:13-81
	android:theme
		ADDED from src\main\AndroidManifest.xml:60:13-56
	android:name
		ADDED from src\main\AndroidManifest.xml:55:13-67
activity#com.mm.android.deviceaddmodule.device_wifi.ErrorTipActivity
ADDED from src\main\AndroidManifest.xml:61:9-67:58
	android:screenOrientation
		ADDED from src\main\AndroidManifest.xml:65:13-49
	android:windowSoftInputMode
		ADDED from src\main\AndroidManifest.xml:66:13-64
	android:exported
		ADDED from src\main\AndroidManifest.xml:64:13-37
	android:configChanges
		ADDED from src\main\AndroidManifest.xml:63:13-81
	android:theme
		ADDED from src\main\AndroidManifest.xml:67:13-56
	android:name
		ADDED from src\main\AndroidManifest.xml:62:13-57
activity#com.mm.android.deviceaddmodule.device_wifi.HiddenWifiActivity
ADDED from src\main\AndroidManifest.xml:68:9-74:58
	android:screenOrientation
		ADDED from src\main\AndroidManifest.xml:72:13-49
	android:windowSoftInputMode
		ADDED from src\main\AndroidManifest.xml:73:13-64
	android:exported
		ADDED from src\main\AndroidManifest.xml:71:13-37
	android:configChanges
		ADDED from src\main\AndroidManifest.xml:70:13-81
	android:theme
		ADDED from src\main\AndroidManifest.xml:74:13-56
	android:name
		ADDED from src\main\AndroidManifest.xml:69:13-59
service#com.mm.android.deviceaddmodule.SeachDeviceService
ADDED from src\main\AndroidManifest.xml:76:9-54
	android:name
		ADDED from src\main\AndroidManifest.xml:76:18-52
meta-data#meta-data4type
ADDED from src\main\AndroidManifest.xml:78:9-81:45
	tools:replace
		ADDED from src\main\AndroidManifest.xml:81:13-42
	android:value
		ADDED from src\main\AndroidManifest.xml:80:13-48
	android:name
		ADDED from src\main\AndroidManifest.xml:79:13-42
meta-data#meta-data4host
ADDED from src\main\AndroidManifest.xml:82:9-84:44
	android:value
		ADDED from src\main\AndroidManifest.xml:84:13-41
	android:name
		ADDED from src\main\AndroidManifest.xml:83:13-42
meta-data#meta-ishttps
ADDED from src\main\AndroidManifest.xml:85:9-87:37
	android:value
		ADDED from src\main\AndroidManifest.xml:87:13-34
	android:name
		ADDED from src\main\AndroidManifest.xml:86:13-40
provider#androidx.core.content.FileProvider
ADDED from src\main\AndroidManifest.xml:88:9-96:20
	android:grantUriPermissions
		ADDED from src\main\AndroidManifest.xml:92:13-47
	android:authorities
		ADDED from src\main\AndroidManifest.xml:90:13-64
	android:exported
		ADDED from src\main\AndroidManifest.xml:91:13-37
	android:name
		ADDED from src\main\AndroidManifest.xml:89:13-62
meta-data#android.support.FILE_PROVIDER_PATHS
ADDED from src\main\AndroidManifest.xml:93:13-95:54
	android:resource
		ADDED from src\main\AndroidManifest.xml:95:17-51
	android:name
		ADDED from src\main\AndroidManifest.xml:94:17-67
activity#com.mm.android.deviceaddmodule.mobilecommon.base.ProgressActivity
ADDED from src\main\AndroidManifest.xml:98:9-104:50
	android:screenOrientation
		ADDED from src\main\AndroidManifest.xml:103:13-49
	android:launchMode
		ADDED from src\main\AndroidManifest.xml:102:13-48
	android:exported
		ADDED from src\main\AndroidManifest.xml:101:13-37
	android:configChanges
		ADDED from src\main\AndroidManifest.xml:100:13-81
	android:theme
		ADDED from src\main\AndroidManifest.xml:104:13-47
	android:name
		ADDED from src\main\AndroidManifest.xml:99:13-63
uses-sdk
INJECTED from src\main\AndroidManifest.xml reason: use-sdk injection requested
INJECTED from src\main\AndroidManifest.xml
INJECTED from src\main\AndroidManifest.xml
INJECTED from src\main\AndroidManifest.xml
INJECTED from src\main\AndroidManifest.xml
	android:targetSdkVersion
		INJECTED from src\main\AndroidManifest.xml
		ADDED from src\main\AndroidManifest.xml
		INJECTED from src\main\AndroidManifest.xml
	android:minSdkVersion
		INJECTED from src\main\AndroidManifest.xml
		ADDED from src\main\AndroidManifest.xml
		INJECTED from src\main\AndroidManifest.xml